<?xml version="1.0" encoding="UTF-8"?>
<!-- Generated by org.testng.reporters.JUnitXMLReporter -->
<testsuite ignored="0" hostname="Bhargav" failures="1" tests="1" name="Test" time="0.068" errors="0" timestamp="29 Mar 2021 13:59:15 GMT">
  <testcase classname="Dataprovider.dataprovider1" name="testing" time="0.0">
    <failure type="org.testng.TestNGException" message="
Some DataProvider public java.lang.Object[][] Dataprovider.dataprovider1.getdata(java.lang.String) throws java.io.IOException parameters unresolved:  at 0 type class java.lang.String
">
      <![CDATA[org.testng.TestNGException: 
Some DataProvider public java.lang.Object[][] Dataprovider.dataprovider1.getdata(java.lang.String) throws java.io.IOException parameters unresolved:  at 0 type class java.lang.String

... Removed 23 stack frames]]>
    </failure>
  </testcase> <!-- testing -->
</testsuite> <!-- Test -->
