<?xml version="1.0" encoding="UTF-8"?>
<!-- Generated by org.testng.reporters.JUnitXMLReporter -->
<testsuite ignored="0" hostname="Bhargav" failures="0" tests="16" name="Training" time="0.192" errors="0" timestamp="22 Mar 2021 22:34:16 GMT">
  <testcase classname="Testng.Practice.annotations" name="xtest" time="0.007"/>
  <testcase classname="Testng.Practice.DependsonMethod" name="test1" time="0.005"/>
  <testcase classname="Testng.Practice.DependsonMethod" name="test2" time="0.007"/>
  <testcase classname="Testng.Practice.Grops" name="test1" time="0.003"/>
  <testcase classname="Testng.Practice.Grops" name="test2" time="0.004"/>
  <testcase classname="Testng.Practice.Grops" name="test3" time="0.003"/>
  <testcase classname="Testng.Practice.Grops" name="test4" time="0.004"/>
  <testcase classname="Testng.Practice.Grops" name="test5" time="0.003"/>
  <testcase classname="Testng.Practice.Grops" name="test6" time="0.007"/>
  <testcase classname="Testng.Practice.Grops" name="test7" time="0.005"/>
  <testcase classname="Testng.Practice.invocationcount" name="Atest" time="0.022"/>
  <testcase classname="Testng.Practice.invocationcount" name="test1" time="0.012"/>
  <testcase classname="Testng.Practice.invocationcount" name="test1" time="0.007"/>
  <testcase classname="Testng.Practice.invocationcount" name="test1" time="0.003"/>
  <testcase classname="Testng.Practice.invocationcount" name="test1" time="0.002"/>
  <testcase classname="Testng.Practice.invocationcount" name="test1" time="0.004"/>
</testsuite> <!-- Training -->
